Font_CascadiaCove|$HOME/.local/share/fonts
Font_MaterialDesign|$HOME/.local/share/fonts
Font_JetBrainsMono|$HOME/.local/share/fonts
Font_MapleNerd|$HOME/.local/share/fonts
Font_MononokiNerd|$HOME/.local/share/fonts
Font_NotoSansCJK|/usr/share/fonts
Gtk_lightage|/usr/share/themes
Gtk_lightage|$HOME/.themes
Gtk_dev|/usr/share/themes
Gtk_dev|$HOME/.themes
Gtk_RosePine|/usr/share/themes
Gtk_RosePine|$HOME/.themes
Gtk_MaterialSakura|/usr/share/themes
Gtk_MaterialSakura|$HOME/.themes
Gtk_GraphiteMono|/usr/share/themes
Gtk_GraphiteMono|$HOME/.themes
Icon_cynide|/usr/share/icons
Icon_cynide|$HOME/.icons
Icon_TelaBlack|/usr/share/icons
Icon_TelaBlack|$HOME/.icons
Icon_TelaDracula|/usr/share/icons
Icon_TelaDracula|$HOME/.icons
Icon_TelaGreen|/usr/share/icons
Icon_TelaGreen|$HOME/.icons
Icon_TelaGrey|/usr/share/icons
Icon_TelaGrey|$HOME/.icons
Icon_TelaPink|/usr/share/icons
Icon_TelaPink|$HOME/.icons
Icon_TelaPurple|/usr/share/icons
Icon_TelaPurple|$HOME/.icons
Icon_TelaYellow|/usr/share/icons
Icon_TelaYellow|$HOME/.icons
Icon_TelaBlue|/usr/share/icons
Icon_TelaBlue|$HOME/.icons
Icon_Gruvbox|/usr/share/icons
Icon_Gruvbox|$HOME/.icons
Cursor_Gruvbox|/usr/share/icons
Cursor_Gruvbox|$HOME/.icons
Cursor_BibataIce|/usr/share/icons
Cursor_BibataIce|$HOME/.icons
Code_Extensions|$HOME/.vscode
